[35m[Appium][39m Welcome to Appium v1.22.3
[35m[Appium][39m Non-default server args:
[35m[Appium][39m   port: 63636
[35m[Appium][39m   loglevel: info
[35m[Appium][39m   tmpDir: C:\Users\MUHAMM~1.ABD\AppData\Local\Temp\\Katalon\Appium\Temp1704299104097
[35m[Appium][39m   chromedriverPort: 63637
[35m[Appium][39m Deprecated server args:
[35m[Appium][39m   [31m--chromedriver-port[39m => --default-capabilities
[35m[Appium][39m Default capabilities, which will be added to each request unless overridden by desired capabilities:
[35m[Appium][39m   chromedriverPort: 63637
[35m[Appium][39m Appium REST http interface listener started on 0.0.0.0:63636
[35m[HTTP][39m [37m-->[39m [37mGET[39m [37m/wd/hub/status[39m
[35m[HTTP][39m [90m{}[39m
[35m[HTTP][39m [37m<-- GET /wd/hub/status [39m[32m200[39m [90m7 ms - 68[39m
[35m[HTTP][39m [90m[39m
[35m[HTTP][39m [37m-->[39m [37mGET[39m [37m/wd/hub/status[39m
[35m[HTTP][39m [90m{}[39m
[35m[HTTP][39m [37m<-- GET /wd/hub/status [39m[32m200[39m [90m1 ms - 68[39m
[35m[HTTP][39m [90m[39m
[35m[HTTP][39m [37m-->[39m [37mPOST[39m [37m/wd/hub/session[39m
[35m[HTTP][39m [90m{"desiredCapabilities":{"appPackage":"com.androidsample.generalstore","deviceId":"","deviceName":"Xiaomi 2107113SG (Android 12)","platform":"ANDROID","appActivity":"com.androidsample.generalstore.MainActivity","newCommandTimeout":1800,"platformVersion":"12","automationName":"uiautomator2","autoGrantPermissions":true,"platformName":"Android","udid":"8d785862","systemPort":8283},"capabilities":{"firstMatch":[{"appium:appActivity":"com.androidsample.generalstore.MainActivity","appium:appPackage":"com.androidsample.generalstore","appium:autoGrantPermissions":true,"appium:automationName":"uiautomator2","deviceId":"","appium:deviceName":"Xiaomi 2107113SG (Android 12)","appium:newCommandTimeout":1800,"platform":"ANDROID","platformName":"android","appium:platformVersion":"12","appium:systemPort":8283,"appium:udid":"8d785862"}]}}[39m
[35m[BaseDriver][39m The following capabilities are not standard capabilities and should have an extension prefix:
[35m[BaseDriver][39m   deviceId
[35m[BaseDriver][39m   platform
[35m[BaseDriver][39m   chromedriverPort
[35m[Appium][39m Appium v1.22.3 creating new AndroidUiautomator2Driver (v1.70.1) session
[35m[BaseDriver][39m The following capabilities were provided, but are not recognized by Appium:
[35m[BaseDriver][39m   deviceId
[35m[BaseDriver][39m   platform
[35m[BaseDriver][39m Session created with session id: 38f6b4b0-8132-40c5-913c-fcc2e69e547f
[35m[UiAutomator2][39m Starting 'com.androidsample.generalstore' directly on the device
[35m[ADB][39m Found 1 'build-tools' folders under 'C:\Users\Muhammed.AbdelRazek\AppData\Local\Android\Sdk' (newest first):
[35m[ADB][39m     C:/Users/Muhammed.AbdelRazek/AppData/Local/Android/Sdk/build-tools/33.0.2
[35m[ADB][39m Using 'adb.exe' from 'C:\Users\Muhammed.AbdelRazek\AppData\Local\Android\Sdk\platform-tools\adb.exe'
[35m[AndroidDriver][39m Retrieving device list
[35m[AndroidDriver][39m Using device: 8d785862
[35m[ADB][39m Using 'adb.exe' from 'C:\Users\Muhammed.AbdelRazek\AppData\Local\Android\Sdk\platform-tools\adb.exe'
[35m[ADB][39m Getting device platform version
[35m[UiAutomator2][39m Relaxing hidden api policy
[35m[AndroidDriver][39m No app sent in, not parsing package/activity
[35m[ADB][39m Using 'apksigner.jar' from 'C:\Users\Muhammed.AbdelRazek\AppData\Local\Android\Sdk\build-tools\33.0.2\lib\apksigner.jar'
[35m[ADB][39m 'C:\Users\muhammed.abdelrazek\AppData\Roaming\npm\node_modules\appium\node_modules\appium-uiautomator2-server\apks\appium-uiautomator2-server-v4.27.0.apk' is signed with the default certificate
[35m[ADB][39m 'C:\Users\muhammed.abdelrazek\AppData\Roaming\npm\node_modules\appium\node_modules\appium-uiautomator2-server\apks\appium-uiautomator2-server-debug-androidTest.apk' is signed with the default certificate
[35m[UiAutomator2][39m Server packages are not going to be (re)installed
[35m[ADB][39m Adding packages ["io.appium.settings","io.appium.uiautomator2.server","io.appium.uiautomator2.server.test"] to Doze whitelist
[35m[ADB][39m com.androidsample.generalstore contains no permissions available for granting
[35m[UiAutomator2][39m Starting UIAutomator2 server 4.27.0
[35m[UiAutomator2][39m Using UIAutomator2 server from 'C:\Users\muhammed.abdelrazek\AppData\Roaming\npm\node_modules\appium\node_modules\appium-uiautomator2-server\apks\appium-uiautomator2-server-v4.27.0.apk' and test from 'C:\Users\muhammed.abdelrazek\AppData\Roaming\npm\node_modules\appium\node_modules\appium-uiautomator2-server\apks\appium-uiautomator2-server-debug-androidTest.apk'
[35m[UiAutomator2][39m Waiting up to 30000ms for UiAutomator2 to be online...
[35m[WD Proxy][39m socket hang up
[35m[WD Proxy][39m socket hang up
[35m[WD Proxy][39m socket hang up
[35m[WD Proxy][39m Determined the downstream protocol as 'W3C'
[35m[AndroidDriver][39m Screen already unlocked, doing nothing
[35m[UiAutomator2][39m Starting 'com.androidsample.generalstore/com.androidsample.generalstore.MainActivity and waiting for 'com.androidsample.generalstore/com.androidsample.generalstore.MainActivity'
[35m[Appium][39m New AndroidUiautomator2Driver session created successfully, session 38f6b4b0-8132-40c5-913c-fcc2e69e547f added to master session list
[35m[HTTP][39m [37m<-- POST /wd/hub/session [39m[32m200[39m [90m16385 ms - 1261[39m
[35m[HTTP][39m [90m[39m
[35m[HTTP][39m [37m-->[39m [37mGET[39m [37m/wd/hub/session/38f6b4b0-8132-40c5-913c-fcc2e69e547f[39m
[35m[HTTP][39m [90m{}[39m
[35m[HTTP][39m [37m<-- GET /wd/hub/session/38f6b4b0-8132-40c5-913c-fcc2e69e547f [39m[32m200[39m [90m9 ms - 1215[39m
[35m[HTTP][39m [90m[39m
[35m[HTTP][39m [37m-->[39m [37mGET[39m [37m/wd/hub/session/38f6b4b0-8132-40c5-913c-fcc2e69e547f[39m
[35m[HTTP][39m [90m{}[39m
[35m[HTTP][39m [37m<-- GET /wd/hub/session/38f6b4b0-8132-40c5-913c-fcc2e69e547f [39m[32m200[39m [90m7 ms - 1215[39m
[35m[HTTP][39m [90m[39m
[35m[HTTP][39m [37m-->[39m [37mGET[39m [37m/wd/hub/status[39m
[35m[HTTP][39m [90m{}[39m
[35m[HTTP][39m [37m<-- GET /wd/hub/status [39m[32m200[39m [90m1 ms - 68[39m
[35m[HTTP][39m [90m[39m
[35m[HTTP][39m [37m-->[39m [37mPOST[39m [37m/wd/hub/session/38f6b4b0-8132-40c5-913c-fcc2e69e547f/timeouts[39m
[35m[HTTP][39m [90m{"implicit":60000}[39m
[35m[HTTP][39m [37m<-- POST /wd/hub/session/38f6b4b0-8132-40c5-913c-fcc2e69e547f/timeouts [39m[32m200[39m [90m3 ms - 14[39m
[35m[HTTP][39m [90m[39m
[35m[HTTP][39m [37m-->[39m [37mGET[39m [37m/wd/hub/session/38f6b4b0-8132-40c5-913c-fcc2e69e547f/screenshot[39m
[35m[HTTP][39m [90m{}[39m
[35m[HTTP][39m [37m<-- GET /wd/hub/session/38f6b4b0-8132-40c5-913c-fcc2e69e547f/screenshot [39m[32m200[39m [90m586 ms - 673010[39m
[35m[HTTP][39m [90m[39m
[35m[HTTP][39m [37m-->[39m [37mGET[39m [37m/wd/hub/session/38f6b4b0-8132-40c5-913c-fcc2e69e547f/window/rect[39m
[35m[HTTP][39m [90m{}[39m
[35m[HTTP][39m [37m<-- GET /wd/hub/session/38f6b4b0-8132-40c5-913c-fcc2e69e547f/window/rect [39m[32m200[39m [90m18 ms - 50[39m
[35m[HTTP][39m [90m[39m
[35m[HTTP][39m [37m-->[39m [37mGET[39m [37m/wd/hub/session/38f6b4b0-8132-40c5-913c-fcc2e69e547f/appium/device/system_bars[39m
[35m[HTTP][39m [90m{}[39m
[35m[HTTP][39m [37m<-- GET /wd/hub/session/38f6b4b0-8132-40c5-913c-fcc2e69e547f/appium/device/system_bars [39m[32m200[39m [90m242 ms - 145[39m
[35m[HTTP][39m [90m[39m
[35m[HTTP][39m [37m-->[39m [37mPOST[39m [37m/wd/hub/session/38f6b4b0-8132-40c5-913c-fcc2e69e547f/appium/device/activate_app[39m
[35m[HTTP][39m [90m{"bundleId":"com.androidsample.generalstore"}[39m
[35m[HTTP][39m [37m<-- POST /wd/hub/session/38f6b4b0-8132-40c5-913c-fcc2e69e547f/appium/device/activate_app [39m[32m200[39m [90m752 ms - 14[39m
[35m[HTTP][39m [90m[39m
[35m[HTTP][39m [37m-->[39m [37mGET[39m [37m/wd/hub/session/38f6b4b0-8132-40c5-913c-fcc2e69e547f/source[39m
[35m[HTTP][39m [90m{}[39m
[35m[W3C (38f6b4b0)][39m Driver proxy active, passing request on via HTTP proxy
[35m[WD Proxy][39m Replacing sessionId f697140a-5eb8-48c1-9bcd-5cd2ff59be74 with 38f6b4b0-8132-40c5-913c-fcc2e69e547f
[35m[HTTP][39m [37m<-- GET /wd/hub/session/38f6b4b0-8132-40c5-913c-fcc2e69e547f/source [39m[32m200[39m [90m738 ms - 5755[39m
[35m[HTTP][39m [90m[39m
[35m[HTTP][39m [37m-->[39m [37mGET[39m [37m/wd/hub/session/38f6b4b0-8132-40c5-913c-fcc2e69e547f/screenshot[39m
[35m[HTTP][39m [90m{}[39m
[35m[HTTP][39m [37m<-- GET /wd/hub/session/38f6b4b0-8132-40c5-913c-fcc2e69e547f/screenshot [39m[32m200[39m [90m498 ms - 672910[39m
[35m[HTTP][39m [90m[39m
[35m[HTTP][39m [37m-->[39m [37mGET[39m [37m/wd/hub/session/38f6b4b0-8132-40c5-913c-fcc2e69e547f/source[39m
[35m[HTTP][39m [90m{}[39m
[35m[W3C (38f6b4b0)][39m Driver proxy active, passing request on via HTTP proxy
[35m[WD Proxy][39m Replacing sessionId f697140a-5eb8-48c1-9bcd-5cd2ff59be74 with 38f6b4b0-8132-40c5-913c-fcc2e69e547f
[35m[HTTP][39m [37m<-- GET /wd/hub/session/38f6b4b0-8132-40c5-913c-fcc2e69e547f/source [39m[32m200[39m [90m251 ms - 17268[39m
[35m[HTTP][39m [90m[39m
[35m[HTTP][39m [37m-->[39m [37mGET[39m [37m/wd/hub/session/38f6b4b0-8132-40c5-913c-fcc2e69e547f/screenshot[39m
[35m[HTTP][39m [90m{}[39m
[35m[HTTP][39m [37m<-- GET /wd/hub/session/38f6b4b0-8132-40c5-913c-fcc2e69e547f/screenshot [39m[32m200[39m [90m472 ms - 395502[39m
[35m[HTTP][39m [90m[39m
[35m[HTTP][39m [37m-->[39m [37mPOST[39m [37m/wd/hub/session/38f6b4b0-8132-40c5-913c-fcc2e69e547f/elements[39m
[35m[HTTP][39m [90m{"using":"xpath","value":"//*[@class = 'android.widget.TextView' and (@text = 'Air Jordan 4 Retro' or . = 'Air Jordan 4 Retro') and @resource-id = 'com.androidsample.generalstore:id/productName']"}[39m
[35m[HTTP][39m [37m<-- POST /wd/hub/session/38f6b4b0-8132-40c5-913c-fcc2e69e547f/elements [39m[32m200[39m [90m696 ms - 139[39m
[35m[HTTP][39m [90m[39m
[35m[HTTP][39m [37m-->[39m [37mPOST[39m [37m/wd/hub/session/38f6b4b0-8132-40c5-913c-fcc2e69e547f/timeouts[39m
[35m[HTTP][39m [90m{"implicit":1000}[39m
[35m[HTTP][39m [37m<-- POST /wd/hub/session/38f6b4b0-8132-40c5-913c-fcc2e69e547f/timeouts [39m[32m200[39m [90m2 ms - 14[39m
[35m[HTTP][39m [90m[39m
[35m[HTTP][39m [37m-->[39m [37mPOST[39m [37m/wd/hub/session/38f6b4b0-8132-40c5-913c-fcc2e69e547f/elements[39m
[35m[HTTP][39m [90m{"using":"xpath","value":"//*[@class = 'android.widget.TextView' and contains(@resource-id , 'productName')]"}[39m
[35m[HTTP][39m [37m<-- POST /wd/hub/session/38f6b4b0-8132-40c5-913c-fcc2e69e547f/elements [39m[32m200[39m [90m417 ms - 267[39m
[35m[HTTP][39m [90m[39m
[35m[HTTP][39m [37m-->[39m [37mGET[39m [37m/wd/hub/session/38f6b4b0-8132-40c5-913c-fcc2e69e547f/element/00000000-0000-0d6c-ffff-ffff00000044/location[39m
[35m[HTTP][39m [90m{}[39m
[35m[W3C (38f6b4b0)][39m Driver proxy active, passing request on via HTTP proxy
[35m[WD Proxy][39m Replacing sessionId f697140a-5eb8-48c1-9bcd-5cd2ff59be74 with 38f6b4b0-8132-40c5-913c-fcc2e69e547f
[35m[HTTP][39m [37m<-- GET /wd/hub/session/38f6b4b0-8132-40c5-913c-fcc2e69e547f/element/00000000-0000-0d6c-ffff-ffff00000044/location [39m[32m200[39m [90m57 ms - 77[39m
[35m[HTTP][39m [90m[39m
[35m[HTTP][39m [37m-->[39m [37mGET[39m [37m/wd/hub/session/38f6b4b0-8132-40c5-913c-fcc2e69e547f/element/00000000-0000-0d6c-ffff-ffff00000044/size[39m
[35m[HTTP][39m [90m{}[39m
[35m[W3C (38f6b4b0)][39m Driver proxy active, passing request on via HTTP proxy
[35m[WD Proxy][39m Replacing sessionId f697140a-5eb8-48c1-9bcd-5cd2ff59be74 with 38f6b4b0-8132-40c5-913c-fcc2e69e547f
[35m[HTTP][39m [37m<-- GET /wd/hub/session/38f6b4b0-8132-40c5-913c-fcc2e69e547f/element/00000000-0000-0d6c-ffff-ffff00000044/size [39m[32m200[39m [90m72 ms - 86[39m
[35m[HTTP][39m [90m[39m
[35m[HTTP][39m [37m-->[39m [37mGET[39m [37m/wd/hub/session/38f6b4b0-8132-40c5-913c-fcc2e69e547f/element/00000000-0000-0d6c-ffff-ffff0000004c/location[39m
[35m[HTTP][39m [90m{}[39m
[35m[W3C (38f6b4b0)][39m Driver proxy active, passing request on via HTTP proxy
[35m[WD Proxy][39m Replacing sessionId f697140a-5eb8-48c1-9bcd-5cd2ff59be74 with 38f6b4b0-8132-40c5-913c-fcc2e69e547f
[35m[HTTP][39m [37m<-- GET /wd/hub/session/38f6b4b0-8132-40c5-913c-fcc2e69e547f/element/00000000-0000-0d6c-ffff-ffff0000004c/location [39m[32m200[39m [90m69 ms - 78[39m
[35m[HTTP][39m [90m[39m
[35m[HTTP][39m [37m-->[39m [37mGET[39m [37m/wd/hub/session/38f6b4b0-8132-40c5-913c-fcc2e69e547f/element/00000000-0000-0d6c-ffff-ffff0000004c/size[39m
[35m[HTTP][39m [90m{}[39m
[35m[W3C (38f6b4b0)][39m Driver proxy active, passing request on via HTTP proxy
[35m[WD Proxy][39m Replacing sessionId f697140a-5eb8-48c1-9bcd-5cd2ff59be74 with 38f6b4b0-8132-40c5-913c-fcc2e69e547f
[35m[HTTP][39m [37m<-- GET /wd/hub/session/38f6b4b0-8132-40c5-913c-fcc2e69e547f/element/00000000-0000-0d6c-ffff-ffff0000004c/size [39m[32m200[39m [90m67 ms - 86[39m
[35m[HTTP][39m [90m[39m
[35m[HTTP][39m [37m-->[39m [37mPOST[39m [37m/wd/hub/session/38f6b4b0-8132-40c5-913c-fcc2e69e547f/timeouts[39m
[35m[HTTP][39m [90m{"implicit":1000}[39m
[35m[HTTP][39m [37m<-- POST /wd/hub/session/38f6b4b0-8132-40c5-913c-fcc2e69e547f/timeouts [39m[32m200[39m [90m1 ms - 14[39m
[35m[HTTP][39m [90m[39m
[35m[HTTP][39m [37m-->[39m [37mPOST[39m [37m/wd/hub/session/38f6b4b0-8132-40c5-913c-fcc2e69e547f/elements[39m
[35m[HTTP][39m [90m{"using":"xpath","value":"//*[@class = 'android.widget.TextView' and contains(@resource-id , 'productName')]"}[39m
[35m[HTTP][39m [37m<-- POST /wd/hub/session/38f6b4b0-8132-40c5-913c-fcc2e69e547f/elements [39m[32m200[39m [90m367 ms - 267[39m
[35m[HTTP][39m [90m[39m
[35m[HTTP][39m [37m-->[39m [37mGET[39m [37m/wd/hub/session/38f6b4b0-8132-40c5-913c-fcc2e69e547f/element/00000000-0000-0d6c-ffff-ffff00000044/location[39m
[35m[HTTP][39m [90m{}[39m
[35m[W3C (38f6b4b0)][39m Driver proxy active, passing request on via HTTP proxy
[35m[WD Proxy][39m Replacing sessionId f697140a-5eb8-48c1-9bcd-5cd2ff59be74 with 38f6b4b0-8132-40c5-913c-fcc2e69e547f
[35m[HTTP][39m [37m<-- GET /wd/hub/session/38f6b4b0-8132-40c5-913c-fcc2e69e547f/element/00000000-0000-0d6c-ffff-ffff00000044/location [39m[32m200[39m [90m42 ms - 77[39m
[35m[HTTP][39m [90m[39m
[35m[HTTP][39m [37m-->[39m [37mGET[39m [37m/wd/hub/session/38f6b4b0-8132-40c5-913c-fcc2e69e547f/element/00000000-0000-0d6c-ffff-ffff00000044/size[39m
[35m[HTTP][39m [90m{}[39m
[35m[W3C (38f6b4b0)][39m Driver proxy active, passing request on via HTTP proxy
[35m[WD Proxy][39m Replacing sessionId f697140a-5eb8-48c1-9bcd-5cd2ff59be74 with 38f6b4b0-8132-40c5-913c-fcc2e69e547f
[35m[HTTP][39m [37m<-- GET /wd/hub/session/38f6b4b0-8132-40c5-913c-fcc2e69e547f/element/00000000-0000-0d6c-ffff-ffff00000044/size [39m[32m200[39m [90m56 ms - 86[39m
[35m[HTTP][39m [90m[39m
[35m[HTTP][39m [37m-->[39m [37mGET[39m [37m/wd/hub/session/38f6b4b0-8132-40c5-913c-fcc2e69e547f/element/00000000-0000-0d6c-ffff-ffff0000004c/location[39m
[35m[HTTP][39m [90m{}[39m
[35m[W3C (38f6b4b0)][39m Driver proxy active, passing request on via HTTP proxy
[35m[WD Proxy][39m Replacing sessionId f697140a-5eb8-48c1-9bcd-5cd2ff59be74 with 38f6b4b0-8132-40c5-913c-fcc2e69e547f
[35m[HTTP][39m [37m<-- GET /wd/hub/session/38f6b4b0-8132-40c5-913c-fcc2e69e547f/element/00000000-0000-0d6c-ffff-ffff0000004c/location [39m[32m200[39m [90m56 ms - 78[39m
[35m[HTTP][39m [90m[39m
[35m[HTTP][39m [37m-->[39m [37mGET[39m [37m/wd/hub/session/38f6b4b0-8132-40c5-913c-fcc2e69e547f/element/00000000-0000-0d6c-ffff-ffff0000004c/size[39m
[35m[HTTP][39m [90m{}[39m
[35m[W3C (38f6b4b0)][39m Driver proxy active, passing request on via HTTP proxy
[35m[WD Proxy][39m Replacing sessionId f697140a-5eb8-48c1-9bcd-5cd2ff59be74 with 38f6b4b0-8132-40c5-913c-fcc2e69e547f
[35m[HTTP][39m [37m<-- GET /wd/hub/session/38f6b4b0-8132-40c5-913c-fcc2e69e547f/element/00000000-0000-0d6c-ffff-ffff0000004c/size [39m[32m200[39m [90m45 ms - 86[39m
[35m[HTTP][39m [90m[39m
[35m[HTTP][39m [37m-->[39m [37mPOST[39m [37m/wd/hub/session/38f6b4b0-8132-40c5-913c-fcc2e69e547f/timeouts[39m
[35m[HTTP][39m [90m{"implicit":1000}[39m
[35m[HTTP][39m [37m<-- POST /wd/hub/session/38f6b4b0-8132-40c5-913c-fcc2e69e547f/timeouts [39m[32m200[39m [90m1 ms - 14[39m
[35m[HTTP][39m [90m[39m
[35m[HTTP][39m [37m-->[39m [37mPOST[39m [37m/wd/hub/session/38f6b4b0-8132-40c5-913c-fcc2e69e547f/elements[39m
[35m[HTTP][39m [90m{"using":"xpath","value":"//*[@class = 'android.widget.TextView' and contains(@resource-id , 'productName')]/following-sibling::*"}[39m
[35m[HTTP][39m [37m<-- POST /wd/hub/session/38f6b4b0-8132-40c5-913c-fcc2e69e547f/elements [39m[32m200[39m [90m460 ms - 523[39m
[35m[HTTP][39m [90m[39m
[35m[HTTP][39m [37m-->[39m [37mGET[39m [37m/wd/hub/session/38f6b4b0-8132-40c5-913c-fcc2e69e547f/element/00000000-0000-0d6c-ffff-ffff00000045/location[39m
[35m[HTTP][39m [90m{}[39m
[35m[W3C (38f6b4b0)][39m Driver proxy active, passing request on via HTTP proxy
[35m[WD Proxy][39m Replacing sessionId f697140a-5eb8-48c1-9bcd-5cd2ff59be74 with 38f6b4b0-8132-40c5-913c-fcc2e69e547f
[35m[HTTP][39m [37m<-- GET /wd/hub/session/38f6b4b0-8132-40c5-913c-fcc2e69e547f/element/00000000-0000-0d6c-ffff-ffff00000045/location [39m[32m200[39m [90m42 ms - 77[39m
[35m[HTTP][39m [90m[39m
[35m[HTTP][39m [37m-->[39m [37mGET[39m [37m/wd/hub/session/38f6b4b0-8132-40c5-913c-fcc2e69e547f/element/00000000-0000-0d6c-ffff-ffff00000045/size[39m
[35m[HTTP][39m [90m{}[39m
[35m[W3C (38f6b4b0)][39m Driver proxy active, passing request on via HTTP proxy
[35m[WD Proxy][39m Replacing sessionId f697140a-5eb8-48c1-9bcd-5cd2ff59be74 with 38f6b4b0-8132-40c5-913c-fcc2e69e547f
[35m[HTTP][39m [37m<-- GET /wd/hub/session/38f6b4b0-8132-40c5-913c-fcc2e69e547f/element/00000000-0000-0d6c-ffff-ffff00000045/size [39m[32m200[39m [90m46 ms - 86[39m
[35m[HTTP][39m [90m[39m
[35m[HTTP][39m [37m-->[39m [37mGET[39m [37m/wd/hub/session/38f6b4b0-8132-40c5-913c-fcc2e69e547f/element/00000000-0000-0d6c-ffff-ffff00000046/location[39m
[35m[HTTP][39m [90m{}[39m
[35m[W3C (38f6b4b0)][39m Driver proxy active, passing request on via HTTP proxy
[35m[WD Proxy][39m Replacing sessionId f697140a-5eb8-48c1-9bcd-5cd2ff59be74 with 38f6b4b0-8132-40c5-913c-fcc2e69e547f
[35m[HTTP][39m [37m<-- GET /wd/hub/session/38f6b4b0-8132-40c5-913c-fcc2e69e547f/element/00000000-0000-0d6c-ffff-ffff00000046/location [39m[32m200[39m [90m42 ms - 77[39m
[35m[HTTP][39m [90m[39m
[35m[HTTP][39m [37m-->[39m [37mGET[39m [37m/wd/hub/session/38f6b4b0-8132-40c5-913c-fcc2e69e547f/element/00000000-0000-0d6c-ffff-ffff00000046/size[39m
[35m[HTTP][39m [90m{}[39m
[35m[W3C (38f6b4b0)][39m Driver proxy active, passing request on via HTTP proxy
[35m[WD Proxy][39m Replacing sessionId f697140a-5eb8-48c1-9bcd-5cd2ff59be74 with 38f6b4b0-8132-40c5-913c-fcc2e69e547f
[35m[HTTP][39m [37m<-- GET /wd/hub/session/38f6b4b0-8132-40c5-913c-fcc2e69e547f/element/00000000-0000-0d6c-ffff-ffff00000046/size [39m[32m200[39m [90m76 ms - 86[39m
[35m[HTTP][39m [90m[39m
[35m[HTTP][39m [37m-->[39m [37mGET[39m [37m/wd/hub/session/38f6b4b0-8132-40c5-913c-fcc2e69e547f/element/00000000-0000-0d6c-ffff-ffff0000004d/location[39m
[35m[HTTP][39m [90m{}[39m
[35m[W3C (38f6b4b0)][39m Driver proxy active, passing request on via HTTP proxy
[35m[WD Proxy][39m Replacing sessionId f697140a-5eb8-48c1-9bcd-5cd2ff59be74 with 38f6b4b0-8132-40c5-913c-fcc2e69e547f
[35m[HTTP][39m [37m<-- GET /wd/hub/session/38f6b4b0-8132-40c5-913c-fcc2e69e547f/element/00000000-0000-0d6c-ffff-ffff0000004d/location [39m[32m200[39m [90m58 ms - 78[39m
[35m[HTTP][39m [90m[39m
[35m[HTTP][39m [37m-->[39m [37mGET[39m [37m/wd/hub/session/38f6b4b0-8132-40c5-913c-fcc2e69e547f/element/00000000-0000-0d6c-ffff-ffff0000004d/size[39m
[35m[HTTP][39m [90m{}[39m
[35m[W3C (38f6b4b0)][39m Driver proxy active, passing request on via HTTP proxy
[35m[WD Proxy][39m Replacing sessionId f697140a-5eb8-48c1-9bcd-5cd2ff59be74 with 38f6b4b0-8132-40c5-913c-fcc2e69e547f
[35m[HTTP][39m [37m<-- GET /wd/hub/session/38f6b4b0-8132-40c5-913c-fcc2e69e547f/element/00000000-0000-0d6c-ffff-ffff0000004d/size [39m[32m200[39m [90m64 ms - 86[39m
[35m[HTTP][39m [90m[39m
[35m[HTTP][39m [37m-->[39m [37mGET[39m [37m/wd/hub/session/38f6b4b0-8132-40c5-913c-fcc2e69e547f/element/00000000-0000-0d6c-ffff-ffff0000004e/location[39m
[35m[HTTP][39m [90m{}[39m
[35m[W3C (38f6b4b0)][39m Driver proxy active, passing request on via HTTP proxy
[35m[WD Proxy][39m Replacing sessionId f697140a-5eb8-48c1-9bcd-5cd2ff59be74 with 38f6b4b0-8132-40c5-913c-fcc2e69e547f
[35m[HTTP][39m [37m<-- GET /wd/hub/session/38f6b4b0-8132-40c5-913c-fcc2e69e547f/element/00000000-0000-0d6c-ffff-ffff0000004e/location [39m[32m200[39m [90m70 ms - 78[39m
[35m[HTTP][39m [90m[39m
[35m[HTTP][39m [37m-->[39m [37mGET[39m [37m/wd/hub/session/38f6b4b0-8132-40c5-913c-fcc2e69e547f/element/00000000-0000-0d6c-ffff-ffff0000004e/size[39m
[35m[HTTP][39m [90m{}[39m
[35m[W3C (38f6b4b0)][39m Driver proxy active, passing request on via HTTP proxy
[35m[WD Proxy][39m Replacing sessionId f697140a-5eb8-48c1-9bcd-5cd2ff59be74 with 38f6b4b0-8132-40c5-913c-fcc2e69e547f
[35m[HTTP][39m [37m<-- GET /wd/hub/session/38f6b4b0-8132-40c5-913c-fcc2e69e547f/element/00000000-0000-0d6c-ffff-ffff0000004e/size [39m[32m200[39m [90m49 ms - 86[39m
[35m[HTTP][39m [90m[39m
[35m[HTTP][39m [37m-->[39m [37mPOST[39m [37m/wd/hub/session/38f6b4b0-8132-40c5-913c-fcc2e69e547f/timeouts[39m
[35m[HTTP][39m [90m{"implicit":1000}[39m
[35m[HTTP][39m [37m<-- POST /wd/hub/session/38f6b4b0-8132-40c5-913c-fcc2e69e547f/timeouts [39m[32m200[39m [90m1 ms - 14[39m
[35m[HTTP][39m [90m[39m
[35m[HTTP][39m [37m-->[39m [37mPOST[39m [37m/wd/hub/session/38f6b4b0-8132-40c5-913c-fcc2e69e547f/elements[39m
[35m[HTTP][39m [90m{"using":"xpath","value":"//*[@class = 'android.widget.TextView' and contains(@resource-id , 'productName')]/following-sibling::*"}[39m
[35m[HTTP][39m [37m<-- POST /wd/hub/session/38f6b4b0-8132-40c5-913c-fcc2e69e547f/elements [39m[32m200[39m [90m366 ms - 523[39m
[35m[HTTP][39m [90m[39m
[35m[HTTP][39m [37m-->[39m [37mGET[39m [37m/wd/hub/session/38f6b4b0-8132-40c5-913c-fcc2e69e547f/element/00000000-0000-0d6c-ffff-ffff00000045/location[39m
[35m[HTTP][39m [90m{}[39m
[35m[W3C (38f6b4b0)][39m Driver proxy active, passing request on via HTTP proxy
[35m[WD Proxy][39m Replacing sessionId f697140a-5eb8-48c1-9bcd-5cd2ff59be74 with 38f6b4b0-8132-40c5-913c-fcc2e69e547f
[35m[HTTP][39m [37m<-- GET /wd/hub/session/38f6b4b0-8132-40c5-913c-fcc2e69e547f/element/00000000-0000-0d6c-ffff-ffff00000045/location [39m[32m200[39m [90m46 ms - 77[39m
[35m[HTTP][39m [90m[39m
[35m[HTTP][39m [37m-->[39m [37mGET[39m [37m/wd/hub/session/38f6b4b0-8132-40c5-913c-fcc2e69e547f/element/00000000-0000-0d6c-ffff-ffff00000045/size[39m
[35m[HTTP][39m [90m{}[39m
[35m[W3C (38f6b4b0)][39m Driver proxy active, passing request on via HTTP proxy
[35m[WD Proxy][39m Replacing sessionId f697140a-5eb8-48c1-9bcd-5cd2ff59be74 with 38f6b4b0-8132-40c5-913c-fcc2e69e547f
[35m[HTTP][39m [37m<-- GET /wd/hub/session/38f6b4b0-8132-40c5-913c-fcc2e69e547f/element/00000000-0000-0d6c-ffff-ffff00000045/size [39m[32m200[39m [90m55 ms - 86[39m
[35m[HTTP][39m [90m[39m
[35m[HTTP][39m [37m-->[39m [37mGET[39m [37m/wd/hub/session/38f6b4b0-8132-40c5-913c-fcc2e69e547f/element/00000000-0000-0d6c-ffff-ffff00000046/location[39m
[35m[HTTP][39m [90m{}[39m
[35m[W3C (38f6b4b0)][39m Driver proxy active, passing request on via HTTP proxy
[35m[WD Proxy][39m Replacing sessionId f697140a-5eb8-48c1-9bcd-5cd2ff59be74 with 38f6b4b0-8132-40c5-913c-fcc2e69e547f
[35m[HTTP][39m [37m<-- GET /wd/hub/session/38f6b4b0-8132-40c5-913c-fcc2e69e547f/element/00000000-0000-0d6c-ffff-ffff00000046/location [39m[32m200[39m [90m31 ms - 77[39m
[35m[HTTP][39m [90m[39m
[35m[HTTP][39m [37m-->[39m [37mGET[39m [37m/wd/hub/session/38f6b4b0-8132-40c5-913c-fcc2e69e547f/element/00000000-0000-0d6c-ffff-ffff00000046/size[39m
[35m[HTTP][39m [90m{}[39m
[35m[W3C (38f6b4b0)][39m Driver proxy active, passing request on via HTTP proxy
[35m[WD Proxy][39m Replacing sessionId f697140a-5eb8-48c1-9bcd-5cd2ff59be74 with 38f6b4b0-8132-40c5-913c-fcc2e69e547f
[35m[HTTP][39m [37m<-- GET /wd/hub/session/38f6b4b0-8132-40c5-913c-fcc2e69e547f/element/00000000-0000-0d6c-ffff-ffff00000046/size [39m[32m200[39m [90m34 ms - 86[39m
[35m[HTTP][39m [90m[39m
[35m[HTTP][39m [37m-->[39m [37mGET[39m [37m/wd/hub/session/38f6b4b0-8132-40c5-913c-fcc2e69e547f/element/00000000-0000-0d6c-ffff-ffff0000004d/location[39m
[35m[HTTP][39m [90m{}[39m
[35m[W3C (38f6b4b0)][39m Driver proxy active, passing request on via HTTP proxy
[35m[WD Proxy][39m Replacing sessionId f697140a-5eb8-48c1-9bcd-5cd2ff59be74 with 38f6b4b0-8132-40c5-913c-fcc2e69e547f
[35m[HTTP][39m [37m<-- GET /wd/hub/session/38f6b4b0-8132-40c5-913c-fcc2e69e547f/element/00000000-0000-0d6c-ffff-ffff0000004d/location [39m[32m200[39m [90m40 ms - 78[39m
[35m[HTTP][39m [90m[39m
[35m[HTTP][39m [37m-->[39m [37mGET[39m [37m/wd/hub/session/38f6b4b0-8132-40c5-913c-fcc2e69e547f/element/00000000-0000-0d6c-ffff-ffff0000004d/size[39m
[35m[HTTP][39m [90m{}[39m
[35m[W3C (38f6b4b0)][39m Driver proxy active, passing request on via HTTP proxy
[35m[WD Proxy][39m Replacing sessionId f697140a-5eb8-48c1-9bcd-5cd2ff59be74 with 38f6b4b0-8132-40c5-913c-fcc2e69e547f
[35m[HTTP][39m [37m<-- GET /wd/hub/session/38f6b4b0-8132-40c5-913c-fcc2e69e547f/element/00000000-0000-0d6c-ffff-ffff0000004d/size [39m[32m200[39m [90m44 ms - 86[39m
[35m[HTTP][39m [90m[39m
[35m[HTTP][39m [37m-->[39m [37mGET[39m [37m/wd/hub/session/38f6b4b0-8132-40c5-913c-fcc2e69e547f/element/00000000-0000-0d6c-ffff-ffff0000004e/location[39m
[35m[HTTP][39m [90m{}[39m
[35m[W3C (38f6b4b0)][39m Driver proxy active, passing request on via HTTP proxy
[35m[WD Proxy][39m Replacing sessionId f697140a-5eb8-48c1-9bcd-5cd2ff59be74 with 38f6b4b0-8132-40c5-913c-fcc2e69e547f
[35m[HTTP][39m [37m<-- GET /wd/hub/session/38f6b4b0-8132-40c5-913c-fcc2e69e547f/element/00000000-0000-0d6c-ffff-ffff0000004e/location [39m[32m200[39m [90m56 ms - 78[39m
[35m[HTTP][39m [90m[39m
[35m[HTTP][39m [37m-->[39m [37mGET[39m [37m/wd/hub/session/38f6b4b0-8132-40c5-913c-fcc2e69e547f/element/00000000-0000-0d6c-ffff-ffff0000004e/size[39m
[35m[HTTP][39m [90m{}[39m
[35m[W3C (38f6b4b0)][39m Driver proxy active, passing request on via HTTP proxy
[35m[WD Proxy][39m Replacing sessionId f697140a-5eb8-48c1-9bcd-5cd2ff59be74 with 38f6b4b0-8132-40c5-913c-fcc2e69e547f
[35m[HTTP][39m [37m<-- GET /wd/hub/session/38f6b4b0-8132-40c5-913c-fcc2e69e547f/element/00000000-0000-0d6c-ffff-ffff0000004e/size [39m[32m200[39m [90m64 ms - 86[39m
[35m[HTTP][39m [90m[39m
[35m[HTTP][39m [37m-->[39m [37mPOST[39m [37m/wd/hub/session/38f6b4b0-8132-40c5-913c-fcc2e69e547f/timeouts[39m
[35m[HTTP][39m [90m{"implicit":1000}[39m
[35m[HTTP][39m [37m<-- POST /wd/hub/session/38f6b4b0-8132-40c5-913c-fcc2e69e547f/timeouts [39m[32m200[39m [90m1 ms - 14[39m
[35m[HTTP][39m [90m[39m
[35m[HTTP][39m [37m-->[39m [37mPOST[39m [37m/wd/hub/session/38f6b4b0-8132-40c5-913c-fcc2e69e547f/elements[39m
[35m[HTTP][39m [90m{"using":"xpath","value":"//*[@class = 'android.widget.TextView' and contains(@resource-id , 'productName')]/following-sibling::*/*[@class = 'android.widget.TextView' and contains(@resource-id , 'productAddCart')]"}[39m
[35m[HTTP][39m [37m<-- POST /wd/hub/session/38f6b4b0-8132-40c5-913c-fcc2e69e547f/elements [39m[32m200[39m [90m370 ms - 267[39m
[35m[HTTP][39m [90m[39m
[35m[HTTP][39m [37m-->[39m [37mGET[39m [37m/wd/hub/session/38f6b4b0-8132-40c5-913c-fcc2e69e547f/element/00000000-0000-0d6c-ffff-ffff00000048/location[39m
[35m[HTTP][39m [90m{}[39m
[35m[W3C (38f6b4b0)][39m Driver proxy active, passing request on via HTTP proxy
[35m[WD Proxy][39m Replacing sessionId f697140a-5eb8-48c1-9bcd-5cd2ff59be74 with 38f6b4b0-8132-40c5-913c-fcc2e69e547f
[35m[HTTP][39m [37m<-- GET /wd/hub/session/38f6b4b0-8132-40c5-913c-fcc2e69e547f/element/00000000-0000-0d6c-ffff-ffff00000048/location [39m[32m200[39m [90m45 ms - 78[39m
[35m[HTTP][39m [90m[39m
[35m[HTTP][39m [37m-->[39m [37mGET[39m [37m/wd/hub/session/38f6b4b0-8132-40c5-913c-fcc2e69e547f/element/00000000-0000-0d6c-ffff-ffff00000048/size[39m
[35m[HTTP][39m [90m{}[39m
[35m[W3C (38f6b4b0)][39m Driver proxy active, passing request on via HTTP proxy
[35m[WD Proxy][39m Replacing sessionId f697140a-5eb8-48c1-9bcd-5cd2ff59be74 with 38f6b4b0-8132-40c5-913c-fcc2e69e547f
[35m[HTTP][39m [37m<-- GET /wd/hub/session/38f6b4b0-8132-40c5-913c-fcc2e69e547f/element/00000000-0000-0d6c-ffff-ffff00000048/size [39m[32m200[39m [90m76 ms - 86[39m
[35m[HTTP][39m [90m[39m
[35m[HTTP][39m [37m-->[39m [37mGET[39m [37m/wd/hub/session/38f6b4b0-8132-40c5-913c-fcc2e69e547f/element/00000000-0000-0d6c-ffff-ffff00000050/location[39m
[35m[HTTP][39m [90m{}[39m
[35m[W3C (38f6b4b0)][39m Driver proxy active, passing request on via HTTP proxy
[35m[WD Proxy][39m Replacing sessionId f697140a-5eb8-48c1-9bcd-5cd2ff59be74 with 38f6b4b0-8132-40c5-913c-fcc2e69e547f
[35m[HTTP][39m [37m<-- GET /wd/hub/session/38f6b4b0-8132-40c5-913c-fcc2e69e547f/element/00000000-0000-0d6c-ffff-ffff00000050/location [39m[32m200[39m [90m63 ms - 79[39m
[35m[HTTP][39m [90m[39m
[35m[HTTP][39m [37m-->[39m [37mGET[39m [37m/wd/hub/session/38f6b4b0-8132-40c5-913c-fcc2e69e547f/element/00000000-0000-0d6c-ffff-ffff00000050/size[39m
[35m[HTTP][39m [90m{}[39m
[35m[W3C (38f6b4b0)][39m Driver proxy active, passing request on via HTTP proxy
[35m[WD Proxy][39m Replacing sessionId f697140a-5eb8-48c1-9bcd-5cd2ff59be74 with 38f6b4b0-8132-40c5-913c-fcc2e69e547f
[35m[HTTP][39m [37m<-- GET /wd/hub/session/38f6b4b0-8132-40c5-913c-fcc2e69e547f/element/00000000-0000-0d6c-ffff-ffff00000050/size [39m[32m200[39m [90m57 ms - 86[39m
[35m[HTTP][39m [90m[39m
[35m[HTTP][39m [37m-->[39m [37mPOST[39m [37m/wd/hub/session/38f6b4b0-8132-40c5-913c-fcc2e69e547f/elements[39m
[35m[HTTP][39m [90m{"using":"xpath","value":"//*[@class = 'android.widget.TextView' and (@text = 'Air Jordan 1 Mid SE' or . = 'Air Jordan 1 Mid SE') and @resource-id = 'com.androidsample.generalstore:id/productName']"}[39m
[35m[HTTP][39m [37m<-- POST /wd/hub/session/38f6b4b0-8132-40c5-913c-fcc2e69e547f/elements [39m[32m200[39m [90m471 ms - 139[39m
[35m[HTTP][39m [90m[39m
[35m[HTTP][39m [37m-->[39m [37mDELETE[39m [37m/wd/hub/session/38f6b4b0-8132-40c5-913c-fcc2e69e547f[39m
[35m[HTTP][39m [90m{}[39m
[35m[Appium][39m Removing session 38f6b4b0-8132-40c5-913c-fcc2e69e547f from our master session list
[35m[UiAutomator2][39m Restoring hidden api policy to the device default configuration
[35m[HTTP][39m [37m<-- DELETE /wd/hub/session/38f6b4b0-8132-40c5-913c-fcc2e69e547f [39m[32m200[39m [90m931 ms - 14[39m
[35m[HTTP][39m [90m[39m
